2024-02-27 18:03:48.773 [info] Added views:workbench.panel.markers.view in workbench.panel.markers
2024-02-27 18:03:48.773 [info] Added views:workbench.panel.output in workbench.panel.output
2024-02-27 18:03:48.773 [info] Added views:terminal in terminal
2024-02-27 18:03:48.773 [info] Added views:outline in workbench.view.explorer
2024-02-27 18:03:48.773 [info] Added views:workbench.scm in workbench.view.scm
2024-02-27 18:03:48.773 [info] Added views:workbench.view.search in workbench.view.search
2024-02-27 18:03:48.773 [info] Added views:timeline in workbench.view.explorer
2024-02-27 18:03:48.773 [info] Added views:workbench.explorer.emptyView in workbench.view.explorer
2024-02-27 18:03:49.153 [info] Added views:workbench.debug.variablesView,workbench.debug.watchExpressionsView,workbench.debug.callStackView,workbench.debug.breakPointsView in workbench.view.debug
2024-02-27 18:03:49.172 [info] Added views:workbench.panel.repl.view in workbench.panel.repl
2024-02-27 18:03:49.174 [info] Removed views:workbench.debug.breakPointsView,workbench.debug.callStackView,workbench.debug.watchExpressionsView,workbench.debug.variablesView from workbench.view.debug
2024-02-27 18:03:49.175 [info] Added views:workbench.debug.welcome in workbench.view.debug
2024-02-27 18:03:49.293 [info] Added views:~remote.forwardedPorts in ~remote.forwardedPortsContainer
2024-02-27 18:10:29.847 [info] Added views:workbench.panel.markers.view in workbench.panel.markers
2024-02-27 18:10:29.848 [info] Added views:workbench.panel.output in workbench.panel.output
2024-02-27 18:10:29.848 [info] Added views:terminal in terminal
2024-02-27 18:10:29.848 [info] Added views:outline in workbench.view.explorer
2024-02-27 18:10:29.848 [info] Added views:workbench.scm in workbench.view.scm
2024-02-27 18:10:29.848 [info] Added views:workbench.view.search in workbench.view.search
2024-02-27 18:10:29.848 [info] Added views:timeline in workbench.view.explorer
2024-02-27 18:10:29.848 [info] Added views:workbench.explorer.fileView in workbench.view.explorer
2024-02-27 18:10:30.203 [info] Added views:workbench.debug.variablesView,workbench.debug.watchExpressionsView,workbench.debug.callStackView,workbench.debug.breakPointsView in workbench.view.debug
2024-02-27 18:10:30.216 [info] Added views:workbench.panel.repl.view in workbench.panel.repl
2024-02-27 18:10:30.217 [info] Removed views:workbench.debug.breakPointsView,workbench.debug.callStackView,workbench.debug.watchExpressionsView,workbench.debug.variablesView from workbench.view.debug
2024-02-27 18:10:30.218 [info] Added views:workbench.debug.welcome in workbench.view.debug
2024-02-27 18:10:30.284 [info] Added views:~remote.forwardedPorts in ~remote.forwardedPortsContainer
2024-02-27 18:13:24.944 [info] Added views:workbench.views.extensions.installed,workbench.views.extensions.popular,extensions.recommendedList in workbench.view.extensions
2024-02-27 18:13:24.945 [info] Removed views:workbench.views.extensions.popular from workbench.view.extensions
2024-02-27 18:13:27.304 [info] Removed views:extensions.recommendedList,workbench.views.extensions.installed from workbench.view.extensions
2024-02-27 18:13:27.309 [info] Added views:workbench.views.extensions.marketplace in workbench.view.extensions
2024-02-27 18:14:17.948 [info] Added views:latex-workshop-commands,latex-workshop-structure,latex-workshop-snippet-view in workbench.view.extension.latex-workshop-activitybar
