2024-02-27 18:03:49.312 [info] Livello log: Info
2024-02-27 18:03:49.312 [info] Convalida del GitT trovato in: "git"
2024-02-27 18:03:49.312 [info] Uso di Git "2.43.0" da "git"
2024-02-27 18:04:48.661 [info] > git rev-parse --show-toplevel [2ms]
2024-02-27 18:04:48.661 [info] fatal: not a git repository (or any of the parent directories): .git
2024-02-27 18:10:30.410 [info] Livello log: Info
2024-02-27 18:10:30.410 [info] Convalida del GitT trovato in: "git"
2024-02-27 18:10:30.410 [info] Uso di Git "2.43.0" da "git"
2024-02-27 18:10:30.410 [info] > git rev-parse --show-toplevel [3ms]
2024-02-27 18:10:30.410 [info] fatal: not a git repository (or any of the parent directories): .git
2024-02-27 18:10:30.467 [info] > git rev-parse --show-toplevel [10ms]
2024-02-27 18:10:30.467 [info] fatal: not a git repository (or any of the parent directories): .git
2024-02-27 18:13:16.837 [info] > git rev-parse --show-toplevel [1ms]
2024-02-27 18:13:16.837 [info] fatal: not a git repository (or any of the parent directories): .git
2024-02-27 18:14:17.405 [info] > git rev-parse --show-toplevel [1ms]
2024-02-27 18:14:17.405 [info] fatal: not a git repository (or any of the parent directories): .git
2024-02-27 18:14:17.549 [info] > git rev-parse --show-toplevel [2ms]
2024-02-27 18:14:17.549 [info] fatal: not a git repository (or any of the parent directories): .git
2024-02-27 18:14:24.334 [info] > git rev-parse --show-toplevel [2ms]
2024-02-27 18:14:24.334 [info] fatal: not a git repository (or any of the parent directories): .git
