2024-02-27 18:02:14.079 [info] Livello log: Info
2024-02-27 18:02:14.079 [info] Convalida del GitT trovato in: "git"
2024-02-27 18:02:14.079 [info] Uso di Git "2.43.0" da "git"
2024-02-27 18:02:14.079 [info] > git rev-parse --show-toplevel [3ms]
2024-02-27 18:02:14.079 [info] fatal: not a git repository (or any of the parent directories): .git
2024-02-27 18:02:14.079 [info] > git rev-parse --show-toplevel [2ms]
2024-02-27 18:02:14.079 [info] fatal: not a git repository (or any of the parent directories): .git
2024-02-27 18:02:14.085 [info] > git rev-parse --show-toplevel [2ms]
2024-02-27 18:02:14.085 [info] fatal: not a git repository (or any of the parent directories): .git
2024-02-27 18:02:14.110 [info] > git rev-parse --show-toplevel [19ms]
2024-02-27 18:02:14.110 [info] fatal: not a git repository (or any of the parent directories): .git
2024-02-27 18:02:14.125 [info] > git rev-parse --show-toplevel [1ms]
2024-02-27 18:02:14.125 [info] fatal: not a git repository (or any of the parent directories): .git
2024-02-27 18:02:14.143 [info] > git rev-parse --show-toplevel [11ms]
2024-02-27 18:02:14.143 [info] fatal: not a git repository (or any of the parent directories): .git
2024-02-27 18:02:14.148 [info] > git rev-parse --show-toplevel [0ms]
2024-02-27 18:02:14.149 [info] fatal: not a git repository (or any of the parent directories): .git
2024-02-27 18:02:14.155 [info] > git rev-parse --show-toplevel [1ms]
2024-02-27 18:02:14.155 [info] fatal: not a git repository (or any of the parent directories): .git
2024-02-27 18:02:14.171 [info] > git rev-parse --show-toplevel [6ms]
2024-02-27 18:02:14.171 [info] fatal: not a git repository (or any of the parent directories): .git
2024-02-27 18:02:14.178 [info] > git rev-parse --show-toplevel [1ms]
2024-02-27 18:02:14.178 [info] fatal: not a git repository (or any of the parent directories): .git
2024-02-27 18:02:14.188 [info] > git rev-parse --show-toplevel [6ms]
2024-02-27 18:02:14.188 [info] fatal: not a git repository (or any of the parent directories): .git
2024-02-27 18:02:14.387 [info] > git rev-parse --show-toplevel [193ms]
2024-02-27 18:02:14.387 [info] fatal: not a git repository (or any of the parent directories): .git
2024-02-27 18:02:14.423 [info] > git rev-parse --show-toplevel [17ms]
2024-02-27 18:02:14.423 [info] fatal: not a git repository (or any of the parent directories): .git
2024-02-27 18:02:14.432 [info] > git rev-parse --show-toplevel [3ms]
2024-02-27 18:02:14.432 [info] fatal: not a git repository (or any of the parent directories): .git
2024-02-27 18:02:14.453 [info] > git rev-parse --show-toplevel [11ms]
2024-02-27 18:02:14.453 [info] fatal: not a git repository (or any of the parent directories): .git
2024-02-27 18:02:14.490 [info] > git rev-parse --show-toplevel [8ms]
2024-02-27 18:02:14.490 [info] fatal: not a git repository (or any of the parent directories): .git
2024-02-27 18:02:14.593 [info] > git rev-parse --show-toplevel [95ms]
2024-02-27 18:02:14.593 [info] fatal: not a git repository (or any of the parent directories): .git
2024-02-27 18:02:14.611 [info] > git rev-parse --show-toplevel [9ms]
2024-02-27 18:02:14.611 [info] fatal: not a git repository (or any of the parent directories): .git
2024-02-27 18:02:14.618 [info] > git rev-parse --show-toplevel [1ms]
2024-02-27 18:02:14.618 [info] fatal: not a git repository (or any of the parent directories): .git
2024-02-27 18:02:14.625 [info] > git rev-parse --show-toplevel [1ms]
2024-02-27 18:02:14.625 [info] fatal: not a git repository (or any of the parent directories): .git
2024-02-27 18:02:14.630 [info] > git rev-parse --show-toplevel [1ms]
2024-02-27 18:02:14.631 [info] fatal: not a git repository (or any of the parent directories): .git
2024-02-27 18:02:14.637 [info] > git rev-parse --show-toplevel [1ms]
2024-02-27 18:02:14.637 [info] fatal: not a git repository (or any of the parent directories): .git
2024-02-27 18:02:14.642 [info] > git rev-parse --show-toplevel [1ms]
2024-02-27 18:02:14.642 [info] fatal: not a git repository (or any of the parent directories): .git
2024-02-27 18:02:14.649 [info] > git rev-parse --show-toplevel [1ms]
2024-02-27 18:02:14.649 [info] fatal: not a git repository (or any of the parent directories): .git
2024-02-27 18:02:14.657 [info] > git rev-parse --show-toplevel [1ms]
2024-02-27 18:02:14.657 [info] fatal: not a git repository (or any of the parent directories): .git
2024-02-27 18:02:14.662 [info] > git rev-parse --show-toplevel [1ms]
2024-02-27 18:02:14.662 [info] fatal: not a git repository (or any of the parent directories): .git
2024-02-27 18:02:14.669 [info] > git rev-parse --show-toplevel [1ms]
2024-02-27 18:02:14.669 [info] fatal: not a git repository (or any of the parent directories): .git
2024-02-27 18:02:14.674 [info] > git rev-parse --show-toplevel [1ms]
2024-02-27 18:02:14.674 [info] fatal: not a git repository (or any of the parent directories): .git
2024-02-27 18:02:14.680 [info] > git rev-parse --show-toplevel [0ms]
2024-02-27 18:02:14.680 [info] fatal: not a git repository (or any of the parent directories): .git
2024-02-27 18:02:14.684 [info] > git rev-parse --show-toplevel [1ms]
2024-02-27 18:02:14.684 [info] fatal: not a git repository (or any of the parent directories): .git
2024-02-27 18:02:14.688 [info] > git rev-parse --show-toplevel [1ms]
2024-02-27 18:02:14.688 [info] fatal: not a git repository (or any of the parent directories): .git
2024-02-27 18:02:14.692 [info] > git rev-parse --show-toplevel [0ms]
2024-02-27 18:02:14.692 [info] fatal: not a git repository (or any of the parent directories): .git
2024-02-27 18:02:14.696 [info] > git rev-parse --show-toplevel [1ms]
2024-02-27 18:02:14.696 [info] fatal: not a git repository (or any of the parent directories): .git
2024-02-27 18:02:14.700 [info] > git rev-parse --show-toplevel [1ms]
2024-02-27 18:02:14.700 [info] fatal: not a git repository (or any of the parent directories): .git
2024-02-27 18:02:14.704 [info] > git rev-parse --show-toplevel [1ms]
2024-02-27 18:02:14.704 [info] fatal: not a git repository (or any of the parent directories): .git
2024-02-27 18:02:14.708 [info] > git rev-parse --show-toplevel [1ms]
2024-02-27 18:02:14.708 [info] fatal: not a git repository (or any of the parent directories): .git
2024-02-27 18:02:14.713 [info] > git rev-parse --show-toplevel [1ms]
2024-02-27 18:02:14.713 [info] fatal: not a git repository (or any of the parent directories): .git
2024-02-27 18:02:41.957 [info] > git rev-parse --show-toplevel [1ms]
2024-02-27 18:02:41.957 [info] fatal: not a git repository (or any of the parent directories): .git
2024-02-27 18:14:17.324 [info] > git rev-parse --show-toplevel [2ms]
2024-02-27 18:14:17.324 [info] fatal: not a git repository (or any of the parent directories): .git
2024-02-27 18:14:17.623 [info] > git rev-parse --show-toplevel [105ms]
2024-02-27 18:14:17.623 [info] fatal: not a git repository (or any of the parent directories): .git
