2024-02-27 09:00:59.802 [info] Livello log: Info
2024-02-27 09:00:59.802 [info] Convalida del GitT trovato in: "git"
2024-02-27 09:00:59.802 [info] Uso di Git "2.43.0" da "git"
2024-02-27 09:00:59.802 [info] > git rev-parse --show-toplevel [24ms]
2024-02-27 09:00:59.803 [info] > git rev-parse --git-dir --git-common-dir [12ms]
2024-02-27 09:00:59.814 [info] Open repository: /home/inkeaton/Codice/Cinzarlo-New
2024-02-27 09:00:59.828 [info] > git rev-parse --show-toplevel [4ms]
2024-02-27 09:00:59.829 [info] > git config --get commit.template [8ms]
2024-02-27 09:00:59.844 [info] > git rev-parse --show-toplevel [11ms]
2024-02-27 09:00:59.850 [info] > git for-each-ref --format=%(refname)%00%(upstream:short)%00%(objectname)%00%(upstream:track)%00%(upstream:remotename)%00%(upstream:remoteref) refs/heads/EddieBranch refs/remotes/EddieBranch [7ms]
2024-02-27 09:00:59.850 [info] > git rev-parse --show-toplevel [1ms]
2024-02-27 09:00:59.861 [info] > git rev-parse --show-toplevel [6ms]
2024-02-27 09:00:59.866 [info] > git status -z -uall [6ms]
2024-02-27 09:00:59.872 [info] > git rev-parse --show-toplevel [7ms]
2024-02-27 09:00:59.881 [info] > git rev-parse --show-toplevel [2ms]
2024-02-27 09:00:59.881 [info] > git config --get commit.template [5ms]
2024-02-27 09:00:59.890 [info] > git rev-parse --show-toplevel [5ms]
2024-02-27 09:00:59.895 [info] > git for-each-ref --format=%(refname)%00%(upstream:short)%00%(objectname)%00%(upstream:track)%00%(upstream:remotename)%00%(upstream:remoteref) refs/heads/EddieBranch refs/remotes/EddieBranch [5ms]
2024-02-27 09:00:59.896 [info] > git rev-parse --show-toplevel [2ms]
2024-02-27 09:00:59.940 [info] > git rev-parse --show-toplevel [40ms]
2024-02-27 09:00:59.949 [info] > git status -z -uall [4ms]
2024-02-27 09:00:59.949 [info] > git rev-parse --show-toplevel [2ms]
2024-02-27 09:01:00.336 [info] > git check-ignore -v -z --stdin [1ms]
