2024-02-27 17:25:32.056 [info] Added views:workbench.panel.markers.view in workbench.panel.markers
2024-02-27 17:25:32.056 [info] Added views:workbench.panel.output in workbench.panel.output
2024-02-27 17:25:32.056 [info] Added views:terminal in terminal
2024-02-27 17:25:32.056 [info] Added views:outline in workbench.view.explorer
2024-02-27 17:25:32.056 [info] Added views:workbench.scm in workbench.view.scm
2024-02-27 17:25:32.056 [info] Added views:workbench.view.search in workbench.view.search
2024-02-27 17:25:32.056 [info] Added views:timeline in workbench.view.explorer
2024-02-27 17:25:32.056 [info] Added views:workbench.explorer.fileView in workbench.view.explorer
2024-02-27 17:25:32.498 [info] Added views:workbench.debug.welcome in workbench.view.debug
2024-02-27 17:25:32.516 [info] Added views:workbench.panel.repl.view in workbench.panel.repl
2024-02-27 17:25:32.703 [info] Added views:~remote.forwardedPorts in ~remote.forwardedPortsContainer
2024-02-27 17:25:40.699 [info] Added views:workbench.panel.markers.view in workbench.panel.markers
2024-02-27 17:25:40.699 [info] Added views:workbench.panel.output in workbench.panel.output
2024-02-27 17:25:40.699 [info] Added views:terminal in terminal
2024-02-27 17:25:40.699 [info] Added views:outline in workbench.view.explorer
2024-02-27 17:25:40.699 [info] Added views:workbench.scm in workbench.view.scm
2024-02-27 17:25:40.699 [info] Added views:workbench.view.search in workbench.view.search
2024-02-27 17:25:40.699 [info] Added views:timeline in workbench.view.explorer
2024-02-27 17:25:40.699 [info] Added views:workbench.explorer.fileView in workbench.view.explorer
2024-02-27 17:25:40.822 [info] Added views:workbench.debug.welcome in workbench.view.debug
2024-02-27 17:25:41.257 [info] Added views:workbench.panel.repl.view in workbench.panel.repl
2024-02-27 17:25:41.602 [info] Added views:~remote.forwardedPorts in ~remote.forwardedPortsContainer
2024-02-27 17:56:47.956 [info] Added views:workbench.views.extensions.installed,workbench.views.extensions.popular,extensions.recommendedList in workbench.view.extensions
2024-02-27 17:56:47.960 [info] Removed views:workbench.views.extensions.popular from workbench.view.extensions
