2024-02-25 15:02:17.636 [info] Livello log: Info
2024-02-25 15:02:17.636 [info] Convalida del GitT trovato in: "git"
2024-02-25 15:02:17.636 [info] Uso di Git "2.43.0" da "git"
2024-02-25 15:02:44.237 [info] Livello log: Info
2024-02-25 15:02:44.237 [info] Convalida del GitT trovato in: "git"
2024-02-25 15:02:44.237 [info] Uso di Git "2.43.0" da "git"
2024-02-25 15:02:44.237 [info] > git rev-parse --show-toplevel [1ms]
2024-02-25 15:02:44.237 [info] fatal: not a git repository (or any of the parent directories): .git
2024-02-25 15:02:44.237 [info] > git rev-parse --show-toplevel [2ms]
2024-02-25 15:02:44.237 [info] fatal: not a git repository (or any of the parent directories): .git
2024-02-25 15:02:44.237 [info] > git rev-parse --show-toplevel [4ms]
2024-02-25 15:02:44.237 [info] fatal: not a git repository (or any of the parent directories): .git
2024-02-25 15:02:44.242 [info] > git rev-parse --show-toplevel [1ms]
2024-02-25 15:02:44.242 [info] fatal: not a git repository (or any of the parent directories): .git
2024-02-25 15:02:44.251 [info] > git rev-parse --show-toplevel [1ms]
2024-02-25 15:02:44.251 [info] fatal: not a git repository (or any of the parent directories): .git
2024-02-25 15:02:44.280 [info] > git rev-parse --show-toplevel [12ms]
2024-02-25 15:02:44.280 [info] fatal: not a git repository (or any of the parent directories): .git
2024-02-25 15:02:44.292 [info] > git rev-parse --show-toplevel [7ms]
2024-02-25 15:02:44.292 [info] fatal: not a git repository (or any of the parent directories): .git
2024-02-25 15:02:44.298 [info] > git rev-parse --show-toplevel [1ms]
2024-02-25 15:02:44.298 [info] fatal: not a git repository (or any of the parent directories): .git
2024-02-25 15:02:44.305 [info] > git rev-parse --show-toplevel [2ms]
2024-02-25 15:02:44.305 [info] fatal: not a git repository (or any of the parent directories): .git
2024-02-25 15:02:44.317 [info] > git rev-parse --show-toplevel [1ms]
2024-02-25 15:02:44.317 [info] fatal: not a git repository (or any of the parent directories): .git
2024-02-25 15:02:44.322 [info] > git rev-parse --show-toplevel [0ms]
2024-02-25 15:02:44.322 [info] fatal: not a git repository (or any of the parent directories): .git
2024-02-25 15:02:44.329 [info] > git rev-parse --show-toplevel [2ms]
2024-02-25 15:02:44.329 [info] fatal: not a git repository (or any of the parent directories): .git
2024-02-25 15:02:44.355 [info] > git rev-parse --show-toplevel [1ms]
2024-02-25 15:02:44.355 [info] fatal: not a git repository (or any of the parent directories): .git
2024-02-25 15:02:44.360 [info] > git rev-parse --show-toplevel [1ms]
2024-02-25 15:02:44.360 [info] fatal: not a git repository (or any of the parent directories): .git
2024-02-25 15:02:44.367 [info] > git rev-parse --show-toplevel [2ms]
2024-02-25 15:02:44.367 [info] fatal: not a git repository (or any of the parent directories): .git
2024-02-25 15:02:44.377 [info] > git rev-parse --show-toplevel [4ms]
2024-02-25 15:02:44.377 [info] fatal: not a git repository (or any of the parent directories): .git
2024-02-25 15:02:44.383 [info] > git rev-parse --show-toplevel [1ms]
2024-02-25 15:02:44.386 [info] fatal: not a git repository (or any of the parent directories): .git
2024-02-25 15:02:44.392 [info] > git rev-parse --show-toplevel [1ms]
2024-02-25 15:02:44.392 [info] fatal: not a git repository (or any of the parent directories): .git
2024-02-25 15:02:44.564 [info] > git rev-parse --show-toplevel [1ms]
2024-02-25 15:02:44.564 [info] fatal: not a git repository (or any of the parent directories): .git
2024-02-25 15:02:44.575 [info] > git rev-parse --show-toplevel [7ms]
2024-02-25 15:02:44.575 [info] fatal: not a git repository (or any of the parent directories): .git
2024-02-25 15:02:44.580 [info] > git rev-parse --show-toplevel [1ms]
2024-02-25 15:02:44.580 [info] fatal: not a git repository (or any of the parent directories): .git
2024-02-25 15:02:44.586 [info] > git rev-parse --show-toplevel [1ms]
2024-02-25 15:02:44.586 [info] fatal: not a git repository (or any of the parent directories): .git
2024-02-25 15:02:44.590 [info] > git rev-parse --show-toplevel [1ms]
2024-02-25 15:02:44.590 [info] fatal: not a git repository (or any of the parent directories): .git
2024-02-25 15:02:44.600 [info] > git rev-parse --show-toplevel [6ms]
2024-02-25 15:02:44.600 [info] fatal: not a git repository (or any of the parent directories): .git
2024-02-25 15:02:44.607 [info] > git rev-parse --show-toplevel [1ms]
2024-02-25 15:02:44.607 [info] fatal: not a git repository (or any of the parent directories): .git
2024-02-25 15:02:44.613 [info] > git rev-parse --show-toplevel [2ms]
2024-02-25 15:02:44.613 [info] fatal: not a git repository (or any of the parent directories): .git
2024-02-25 15:02:44.618 [info] > git rev-parse --show-toplevel [1ms]
2024-02-25 15:02:44.618 [info] fatal: not a git repository (or any of the parent directories): .git
2024-02-25 15:02:44.704 [info] > git rev-parse --show-toplevel [1ms]
2024-02-25 15:02:44.704 [info] fatal: not a git repository (or any of the parent directories): .git
2024-02-25 15:02:44.708 [info] > git rev-parse --show-toplevel [1ms]
2024-02-25 15:02:44.708 [info] fatal: not a git repository (or any of the parent directories): .git
2024-02-25 15:02:44.713 [info] > git rev-parse --show-toplevel [1ms]
2024-02-25 15:02:44.713 [info] fatal: not a git repository (or any of the parent directories): .git
2024-02-25 15:02:44.721 [info] > git rev-parse --show-toplevel [1ms]
2024-02-25 15:02:44.721 [info] fatal: not a git repository (or any of the parent directories): .git
2024-02-25 15:02:44.726 [info] > git rev-parse --show-toplevel [1ms]
2024-02-25 15:02:44.726 [info] fatal: not a git repository (or any of the parent directories): .git
2024-02-25 15:02:44.730 [info] > git rev-parse --show-toplevel [1ms]
2024-02-25 15:02:44.730 [info] fatal: not a git repository (or any of the parent directories): .git
2024-02-25 15:02:44.734 [info] > git rev-parse --show-toplevel [1ms]
2024-02-25 15:02:44.734 [info] fatal: not a git repository (or any of the parent directories): .git
2024-02-25 15:02:44.738 [info] > git rev-parse --show-toplevel [1ms]
2024-02-25 15:02:44.738 [info] fatal: not a git repository (or any of the parent directories): .git
2024-02-25 15:02:44.743 [info] > git rev-parse --show-toplevel [1ms]
2024-02-25 15:02:44.743 [info] fatal: not a git repository (or any of the parent directories): .git
2024-02-25 15:02:44.750 [info] > git rev-parse --show-toplevel [0ms]
2024-02-25 15:02:44.750 [info] fatal: not a git repository (or any of the parent directories): .git
2024-02-25 15:02:44.756 [info] > git rev-parse --show-toplevel [1ms]
2024-02-25 15:02:44.756 [info] fatal: not a git repository (or any of the parent directories): .git
2024-02-25 15:02:45.080 [info] > git rev-parse --show-toplevel [1ms]
2024-02-25 15:02:45.080 [info] fatal: not a git repository (or any of the parent directories): .git
2024-02-25 15:02:55.972 [info] > git rev-parse --show-toplevel [1ms]
2024-02-25 15:02:55.972 [info] fatal: not a git repository (or any of the parent directories): .git
2024-02-25 15:06:36.800 [info] > git rev-parse --show-toplevel [1ms]
2024-02-25 15:06:36.801 [info] fatal: not a git repository (or any of the parent directories): .git
