2024-02-26 15:26:41.766 [info] Livello log: Info
2024-02-26 15:26:41.766 [info] Convalida del GitT trovato in: "git"
2024-02-26 15:26:41.766 [info] Uso di Git "2.43.0" da "git"
2024-02-26 15:26:41.766 [info] > git rev-parse --show-toplevel [2ms]
2024-02-26 15:26:41.766 [info] fatal: not a git repository (or any of the parent directories): .git
2024-02-26 15:26:41.766 [info] > git rev-parse --show-toplevel [1ms]
2024-02-26 15:26:41.766 [info] fatal: not a git repository (or any of the parent directories): .git
2024-02-26 15:26:41.766 [info] > git rev-parse --show-toplevel [1ms]
2024-02-26 15:26:41.766 [info] fatal: not a git repository (or any of the parent directories): .git
2024-02-26 15:26:41.767 [info] > git rev-parse --show-toplevel [1ms]
2024-02-26 15:26:41.767 [info] fatal: not a git repository (or any of the parent directories): .git
2024-02-26 15:26:41.776 [info] > git rev-parse --show-toplevel [3ms]
2024-02-26 15:26:41.776 [info] fatal: not a git repository (or any of the parent directories): .git
2024-02-26 15:26:41.784 [info] > git rev-parse --show-toplevel [2ms]
2024-02-26 15:26:41.784 [info] fatal: not a git repository (or any of the parent directories): .git
2024-02-26 15:26:41.805 [info] > git rev-parse --show-toplevel [14ms]
2024-02-26 15:26:41.805 [info] fatal: not a git repository (or any of the parent directories): .git
2024-02-26 15:26:41.837 [info] > git rev-parse --show-toplevel [20ms]
2024-02-26 15:26:41.837 [info] fatal: not a git repository (or any of the parent directories): .git
2024-02-26 15:26:41.843 [info] > git rev-parse --show-toplevel [1ms]
2024-02-26 15:26:41.843 [info] fatal: not a git repository (or any of the parent directories): .git
2024-02-26 15:26:41.850 [info] > git rev-parse --show-toplevel [2ms]
2024-02-26 15:26:41.850 [info] fatal: not a git repository (or any of the parent directories): .git
2024-02-26 15:26:41.857 [info] > git rev-parse --show-toplevel [1ms]
2024-02-26 15:26:41.857 [info] fatal: not a git repository (or any of the parent directories): .git
2024-02-26 15:26:41.863 [info] > git rev-parse --show-toplevel [1ms]
2024-02-26 15:26:41.863 [info] fatal: not a git repository (or any of the parent directories): .git
2024-02-26 15:26:41.874 [info] > git rev-parse --show-toplevel [7ms]
2024-02-26 15:26:41.874 [info] fatal: not a git repository (or any of the parent directories): .git
2024-02-26 15:26:41.891 [info] > git rev-parse --show-toplevel [11ms]
2024-02-26 15:26:41.891 [info] fatal: not a git repository (or any of the parent directories): .git
2024-02-26 15:26:42.077 [info] > git rev-parse --show-toplevel [181ms]
2024-02-26 15:26:42.077 [info] fatal: not a git repository (or any of the parent directories): .git
2024-02-26 15:26:42.091 [info] > git rev-parse --show-toplevel [7ms]
2024-02-26 15:26:42.091 [info] fatal: not a git repository (or any of the parent directories): .git
2024-02-26 15:26:42.101 [info] > git rev-parse --show-toplevel [6ms]
2024-02-26 15:26:42.101 [info] fatal: not a git repository (or any of the parent directories): .git
2024-02-26 15:26:42.108 [info] > git rev-parse --show-toplevel [1ms]
2024-02-26 15:26:42.108 [info] fatal: not a git repository (or any of the parent directories): .git
2024-02-26 15:26:42.118 [info] > git rev-parse --show-toplevel [4ms]
2024-02-26 15:26:42.118 [info] fatal: not a git repository (or any of the parent directories): .git
2024-02-26 15:26:42.242 [info] > git rev-parse --show-toplevel [119ms]
2024-02-26 15:26:42.242 [info] fatal: not a git repository (or any of the parent directories): .git
2024-02-26 15:26:42.250 [info] > git rev-parse --show-toplevel [1ms]
2024-02-26 15:26:42.250 [info] fatal: not a git repository (or any of the parent directories): .git
2024-02-26 15:26:42.257 [info] > git rev-parse --show-toplevel [1ms]
2024-02-26 15:26:42.257 [info] fatal: not a git repository (or any of the parent directories): .git
2024-02-26 15:26:42.263 [info] > git rev-parse --show-toplevel [1ms]
2024-02-26 15:26:42.263 [info] fatal: not a git repository (or any of the parent directories): .git
2024-02-26 15:26:42.271 [info] > git rev-parse --show-toplevel [1ms]
2024-02-26 15:26:42.271 [info] fatal: not a git repository (or any of the parent directories): .git
2024-02-26 15:26:42.277 [info] > git rev-parse --show-toplevel [1ms]
2024-02-26 15:26:42.277 [info] fatal: not a git repository (or any of the parent directories): .git
2024-02-26 15:26:42.284 [info] > git rev-parse --show-toplevel [1ms]
2024-02-26 15:26:42.284 [info] fatal: not a git repository (or any of the parent directories): .git
2024-02-26 15:26:42.292 [info] > git rev-parse --show-toplevel [1ms]
2024-02-26 15:26:42.292 [info] fatal: not a git repository (or any of the parent directories): .git
2024-02-26 15:26:42.299 [info] > git rev-parse --show-toplevel [0ms]
2024-02-26 15:26:42.299 [info] fatal: not a git repository (or any of the parent directories): .git
2024-02-26 15:26:42.305 [info] > git rev-parse --show-toplevel [1ms]
2024-02-26 15:26:42.305 [info] fatal: not a git repository (or any of the parent directories): .git
2024-02-26 15:26:42.313 [info] > git rev-parse --show-toplevel [1ms]
2024-02-26 15:26:42.313 [info] fatal: not a git repository (or any of the parent directories): .git
2024-02-26 15:26:42.318 [info] > git rev-parse --show-toplevel [0ms]
2024-02-26 15:26:42.319 [info] fatal: not a git repository (or any of the parent directories): .git
2024-02-26 15:26:42.325 [info] > git rev-parse --show-toplevel [1ms]
2024-02-26 15:26:42.325 [info] fatal: not a git repository (or any of the parent directories): .git
2024-02-26 15:26:42.331 [info] > git rev-parse --show-toplevel [1ms]
2024-02-26 15:26:42.331 [info] fatal: not a git repository (or any of the parent directories): .git
2024-02-26 15:26:42.339 [info] > git rev-parse --show-toplevel [1ms]
2024-02-26 15:26:42.339 [info] fatal: not a git repository (or any of the parent directories): .git
2024-02-26 15:26:42.344 [info] > git rev-parse --show-toplevel [1ms]
2024-02-26 15:26:42.344 [info] fatal: not a git repository (or any of the parent directories): .git
2024-02-26 15:26:42.352 [info] > git rev-parse --show-toplevel [1ms]
2024-02-26 15:26:42.352 [info] fatal: not a git repository (or any of the parent directories): .git
2024-02-26 15:26:42.359 [info] > git rev-parse --show-toplevel [2ms]
2024-02-26 15:26:42.359 [info] fatal: not a git repository (or any of the parent directories): .git
2024-02-26 15:26:42.500 [info] > git rev-parse --show-toplevel [8ms]
2024-02-26 15:26:42.500 [info] fatal: not a git repository (or any of the parent directories): .git
2024-02-26 15:26:42.623 [info] > git rev-parse --show-toplevel [5ms]
2024-02-26 15:26:42.623 [info] fatal: not a git repository (or any of the parent directories): .git
2024-02-26 15:26:45.755 [info] > git rev-parse --show-toplevel [1ms]
2024-02-26 15:26:45.755 [info] fatal: not a git repository (or any of the parent directories): .git
2024-02-26 15:26:50.247 [info] > git rev-parse --show-toplevel [1ms]
2024-02-26 15:26:50.247 [info] fatal: not a git repository (or any of the parent directories): .git
2024-02-26 15:26:52.165 [info] > git rev-parse --show-toplevel [2ms]
2024-02-26 15:26:52.165 [info] fatal: not a git repository (or any of the parent directories): .git
2024-02-26 15:26:56.649 [info] > git rev-parse --show-toplevel [2ms]
2024-02-26 15:26:56.649 [info] fatal: not a git repository (or any of the parent directories): .git
