[18:20:33.446][Logger] New log placeholder %WS1% registered for /home/inkeaton/Documenti/LaTeX .
[18:20:33.446][Extension] Initializing LaTeX Workshop.
[18:20:33.528][Build][Recipe] Set $LATEXWORKSHOP_DOCKER_LATEX: ""
[18:20:33.564][Server] Creating LaTeX Workshop http and websocket server.
[18:20:33.638][Format][Bib] Bibtex format config: {"tab":"  ","case":"lowercase","left":"{","right":"}","trailingComma":false,"sort":["key"],"alignOnEqual":true,"sortFields":false,"fieldsOrder":[],"firstEntries":["string","xdata"]}
[18:20:33.683][Server] Server successfully started: {"address":"127.0.0.1","family":"IPv4","port":36357} .
[18:20:33.685][Extension] Extension root: /home/inkeaton/.vscode-oss/extensions/james-yu.latex-workshop-9.18.2-universal
[18:20:33.686][Extension] $PATH: /nix/store/1qjvqh6yl4cdrw48xwj5yb16v22ps39d-glib-2.78.3-bin/bin:/run/wrappers/bin:/home/inkeaton/.nix-profile/bin:/nix/profile/bin:/home/inkeaton/.local/state/nix/profile/bin:/etc/profiles/per-user/inkeaton/bin:/nix/var/nix/profiles/default/bin:/run/current-system/sw/bin:/nix/store/6zhs433c4cyaih7l65c11zm743sava5a-binutils-wrapper-2.40/bin:/nix/store/jhghi8cd0cc0f0h1q09fsfjzfhx7y2jl-pciutils-3.10.0/bin
[18:20:33.686][Extension] $SHELL: /run/current-system/sw/bin/zsh
[18:20:33.686][Extension] $LANG: it_IT.UTF-8
[18:20:33.686][Extension] $LC_ALL: undefined
[18:20:33.686][Extension] process.platform: linux
[18:20:33.686][Extension] process.arch: x64
[18:20:33.687][Extension] vscode.env.appName: VSCodium
[18:20:33.687][Extension] vscode.env.remoteName: undefined
[18:20:33.687][Extension] vscode.env.uiKind: 1
[18:20:33.748][Extension] Trigger characters for intellisense of LaTeX documents: ["\\",",","{"]
[18:20:33.750][Root] Current workspace folders: ["file://%WS1%"]
[18:20:33.751][Extension] LaTeX Workshop initialized.
[18:20:33.751][Root] Found root file from active editor: %WS1%/Elaborato Maturità/Elaborato Vassallo.tex
[18:20:33.752][Root] Root file changed: from %WS1%/Elaborato Maturità/Elaborato Vassallo.tex to %WS1%/Elaborato Maturità/Elaborato Vassallo.tex, langID latex . Refresh dependencies
[18:20:33.752][Event] ROOT_FILE_CHANGED: "%WS1%/Elaborato Maturità/Elaborato Vassallo.tex"
[18:20:33.752][Cacher][Watcher] Reset.
[18:20:33.753][Cacher][Watcher] Reset.
[18:20:33.753][Cacher][Watcher] Reset.
[18:20:33.754][Cacher] Adding %WS1%/Elaborato Maturità/Elaborato Vassallo.tex .
[18:20:33.756][Cacher][Watcher] Watched %WS1%/Elaborato Maturità/Elaborato Vassallo.tex with a new watcher on %WS1%/Elaborato Maturità .
[18:20:33.756][Event] FILE_WATCHED: "%WS1%/Elaborato Maturità/Elaborato Vassallo.tex"
[18:20:33.757][Cacher] Caching %WS1%/Elaborato Maturità/Elaborato Vassallo.tex .
[18:20:33.758][Cacher] Updated inputs of %WS1%/Elaborato Maturità/Elaborato Vassallo.tex .
[18:20:33.759][Cacher] Parse LaTeX AST: %WS1%/Elaborato Maturità/Elaborato Vassallo.tex .
[18:20:33.759][Event] ROOT_FILE_SEARCHED
[18:20:33.942][Server] valdOrigin is http://127.0.0.1:36357
[18:20:34.370][Cacher] Parsed LaTeX AST: %WS1%/Elaborato Maturità/Elaborato Vassallo.tex .
[18:20:34.371][File] Calling kpsewhich to resolve article.cls .
[18:20:34.538][Cacher] Updated elements in 167.29 ms: %WS1%/Elaborato Maturità/Elaborato Vassallo.tex .
[18:20:34.539][Event] FILE_PARSED: "%WS1%/Elaborato Maturità/Elaborato Vassallo.tex"
[18:20:34.543][Structure] Structure force updated with 0 root sections for %WS1%/Elaborato Maturità/Elaborato Vassallo.tex .
[18:20:34.543][Event] STRUCTURE_UPDATED
[18:21:02.389][Commander] VIEW command invoked with mode: file://%WS1%/Elaborato%20Maturit%C3%A0/Elaborato%20Vassallo.tex.
[18:21:02.389][Root] Current workspace folders: ["file://%WS1%"]
[18:21:02.390][Root] Found root file from active editor: %WS1%/Elaborato Maturità/Elaborato Vassallo.tex
[18:21:02.390][Root] Keep using the same root file: %WS1%/Elaborato Maturità/Elaborato Vassallo.tex
[18:21:02.390][Event] ROOT_FILE_SEARCHED
[18:21:02.391][Event] STRUCTURE_UPDATED
[18:21:02.482][Viewer][Panel] Internal PDF viewer at http://127.0.0.1:36357/viewer.html?file=pdf..ZmlsZSUzQSUyRiUyRiUyRmhvbWUlMkZpbmtlYXRvbiUyRkRvY3VtZW50aSUyRkxhVGVYJTJGRWxhYm9yYXRvJTIwTWF0dXJpdCVDMyVBMCUyRkVsYWJvcmF0byUyMFZhc3NhbGxvLnBkZg .
[18:21:02.483][Cacher][Watcher] Watched %WS1%/Elaborato Maturità/Elaborato Vassallo.pdf with a new watcher on %WS1%/Elaborato Maturità .
[18:21:02.483][Event] FILE_WATCHED: "%WS1%/Elaborato Maturità/Elaborato Vassallo.pdf"
[18:21:02.533][Event] STRUCTURE_UPDATED
[18:21:02.543][Viewer] Open PDF tab for file://%WS1%/Elaborato Maturità/Elaborato Vassallo.pdf
[18:21:02.691][Viewer] Handle data type: open
[18:21:02.759][Server] Preview PDF file: file://%WS1%/Elaborato Maturità/Elaborato Vassallo.pdf
[18:21:02.865][Viewer] Handle data type: loaded
[18:21:02.865][Event] VIEWER_PAGE_LOADED
[18:21:20.334][Event] STRUCTURE_UPDATED
[18:25:44.258][Cacher][Watcher] "change" emitted on %WS1%/Elaborato Maturità/Elaborato Vassallo.pdf after polling for 251 ms.
[18:25:44.258][Viewer] Call refreshExistingViewer: "%WS1%/Elaborato Maturità/Elaborato Vassallo.pdf" .
[18:25:44.258][Viewer] Refresh PDF viewer: %WS1%/Elaborato Maturità/Elaborato Vassallo.pdf
[18:25:44.258][Event] FILE_CHANGED: "%WS1%/Elaborato Maturità/Elaborato Vassallo.pdf"
[18:25:49.392][Commander] VIEW command invoked with mode: file://%WS1%/Elaborato%20Maturit%C3%A0/Elaborato%20Vassallo.tex.
[18:25:49.392][Root] Current workspace folders: ["file://%WS1%"]
[18:25:49.393][Root] Found root file from active editor: %WS1%/Elaborato Maturità/Elaborato Vassallo.tex
[18:25:49.393][Root] Keep using the same root file: %WS1%/Elaborato Maturità/Elaborato Vassallo.tex
[18:25:49.393][Event] ROOT_FILE_SEARCHED
[18:25:49.394][Event] STRUCTURE_UPDATED
[18:25:49.441][Viewer][Panel] Internal PDF viewer at http://127.0.0.1:36357/viewer.html?file=pdf..ZmlsZSUzQSUyRiUyRiUyRmhvbWUlMkZpbmtlYXRvbiUyRkRvY3VtZW50aSUyRkxhVGVYJTJGRWxhYm9yYXRvJTIwTWF0dXJpdCVDMyVBMCUyRkVsYWJvcmF0byUyMFZhc3NhbGxvLnBkZg .
[18:25:49.441][Cacher][Watcher] Watched %WS1%/Elaborato Maturità/Elaborato Vassallo.pdf .
[18:25:49.441][Event] FILE_WATCHED: "%WS1%/Elaborato Maturità/Elaborato Vassallo.pdf"
[18:25:49.462][Event] STRUCTURE_UPDATED
[18:25:49.474][Viewer] Open PDF tab for file://%WS1%/Elaborato Maturità/Elaborato Vassallo.pdf
[18:25:49.662][Viewer] Handle data type: open
[18:25:49.751][Server] Preview PDF file: file://%WS1%/Elaborato Maturità/Elaborato Vassallo.pdf
[18:25:49.873][Viewer] Handle data type: loaded
[18:25:49.874][Event] VIEWER_PAGE_LOADED
[18:32:23.900][Cacher][Watcher] Reset.
[18:32:23.900][Cacher][Watcher] Reset.
[18:32:23.900][Cacher][Watcher] Reset.
