2024-02-25 15:02:17.107 [info] Added views:workbench.panel.markers.view in workbench.panel.markers
2024-02-25 15:02:17.107 [info] Added views:workbench.panel.output in workbench.panel.output
2024-02-25 15:02:17.107 [info] Added views:terminal in terminal
2024-02-25 15:02:17.107 [info] Added views:outline in workbench.view.explorer
2024-02-25 15:02:17.107 [info] Added views:workbench.scm in workbench.view.scm
2024-02-25 15:02:17.107 [info] Added views:workbench.view.search in workbench.view.search
2024-02-25 15:02:17.107 [info] Added views:timeline in workbench.view.explorer
2024-02-25 15:02:17.107 [info] Added views:workbench.explorer.emptyView in workbench.view.explorer
2024-02-25 15:02:17.454 [info] Added views:workbench.debug.welcome in workbench.view.debug
2024-02-25 15:02:17.513 [info] Added views:workbench.panel.repl.view in workbench.panel.repl
2024-02-25 15:02:17.584 [info] Added views:~remote.forwardedPorts in ~remote.forwardedPortsContainer
2024-02-25 15:02:22.665 [info] Added views:workbench.views.extensions.installed,workbench.views.extensions.popular,extensions.recommendedList in workbench.view.extensions
2024-02-25 15:02:22.667 [info] Removed views:workbench.views.extensions.popular from workbench.view.extensions
2024-02-25 15:02:25.292 [info] Removed views:extensions.recommendedList,workbench.views.extensions.installed from workbench.view.extensions
2024-02-25 15:02:25.297 [info] Added views:workbench.views.extensions.marketplace in workbench.view.extensions
2024-02-25 15:02:43.017 [info] Added views:workbench.panel.markers.view in workbench.panel.markers
2024-02-25 15:02:43.017 [info] Added views:workbench.panel.output in workbench.panel.output
2024-02-25 15:02:43.017 [info] Added views:terminal in terminal
2024-02-25 15:02:43.017 [info] Added views:outline in workbench.view.explorer
2024-02-25 15:02:43.017 [info] Added views:workbench.scm in workbench.view.scm
2024-02-25 15:02:43.017 [info] Added views:workbench.view.search in workbench.view.search
2024-02-25 15:02:43.017 [info] Added views:timeline in workbench.view.explorer
2024-02-25 15:02:43.017 [info] Added views:workbench.explorer.fileView in workbench.view.explorer
2024-02-25 15:02:43.203 [info] Added views:workbench.debug.welcome in workbench.view.debug
2024-02-25 15:02:43.760 [info] Added views:workbench.panel.repl.view in workbench.panel.repl
2024-02-25 15:02:44.219 [info] Added views:~remote.forwardedPorts in ~remote.forwardedPortsContainer
