2024-02-27 17:25:32.792 [info] Livello log: Info
2024-02-27 17:25:32.792 [info] Convalida del GitT trovato in: "git"
2024-02-27 17:25:32.807 [info] Uso di Git "2.43.0" da "git"
2024-02-27 17:25:32.818 [info] > git rev-parse --show-toplevel [4ms]
2024-02-27 17:25:32.826 [info] > git rev-parse --git-dir --git-common-dir [1ms]
2024-02-27 17:25:32.837 [info] Open repository: /home/inkeaton/Codice/Cinzarlo-New
2024-02-27 17:25:32.873 [info] > git rev-parse --show-toplevel [13ms]
2024-02-27 17:25:32.873 [info] > git config --get commit.template [17ms]
2024-02-27 17:25:32.892 [info] > git for-each-ref --format=%(refname)%00%(upstream:short)%00%(objectname)%00%(upstream:track)%00%(upstream:remotename)%00%(upstream:remoteref) refs/heads/EddieBranch refs/remotes/EddieBranch [8ms]
2024-02-27 17:25:32.893 [info] > git rev-parse --show-toplevel [13ms]
2024-02-27 17:25:32.906 [info] > git rev-parse --show-toplevel [1ms]
2024-02-27 17:25:32.916 [info] > git rev-parse --show-toplevel [1ms]
2024-02-27 17:25:32.920 [info] > git status -z -uall [9ms]
2024-02-27 17:25:32.936 [info] > git rev-parse --show-toplevel [17ms]
2024-02-27 17:25:32.943 [info] > git config --get commit.template [6ms]
2024-02-27 17:25:32.943 [info] > git rev-parse --show-toplevel [1ms]
2024-02-27 17:25:32.950 [info] > git for-each-ref --format=%(refname)%00%(upstream:short)%00%(objectname)%00%(upstream:track)%00%(upstream:remotename)%00%(upstream:remoteref) refs/heads/EddieBranch refs/remotes/EddieBranch [3ms]
2024-02-27 17:25:32.951 [info] > git rev-parse --show-toplevel [1ms]
2024-02-27 17:25:32.992 [info] > git status -z -uall [33ms]
2024-02-27 17:25:32.995 [info] > git rev-parse --show-toplevel [39ms]
2024-02-27 17:25:33.000 [info] > git rev-parse --show-toplevel [1ms]
2024-02-27 17:25:33.005 [info] > git rev-parse --show-toplevel [1ms]
2024-02-27 17:25:33.366 [info] > git check-ignore -v -z --stdin [1ms]
2024-02-27 17:25:41.427 [info] Livello log: Info
2024-02-27 17:25:41.428 [info] Convalida del GitT trovato in: "git"
2024-02-27 17:25:41.428 [info] Uso di Git "2.43.0" da "git"
2024-02-27 17:25:41.428 [info] > git rev-parse --show-toplevel [9ms]
2024-02-27 17:25:41.428 [info] fatal: not a git repository (or any of the parent directories): .git
2024-02-27 17:25:41.428 [info] > git rev-parse --show-toplevel [14ms]
2024-02-27 17:25:41.428 [info] fatal: not a git repository (or any of the parent directories): .git
2024-02-27 17:25:41.435 [info] > git rev-parse --show-toplevel [2ms]
2024-02-27 17:25:41.435 [info] fatal: not a git repository (or any of the parent directories): .git
2024-02-27 17:25:41.443 [info] > git rev-parse --show-toplevel [1ms]
2024-02-27 17:25:41.443 [info] fatal: not a git repository (or any of the parent directories): .git
2024-02-27 17:25:41.463 [info] > git rev-parse --show-toplevel [12ms]
2024-02-27 17:25:41.463 [info] fatal: not a git repository (or any of the parent directories): .git
2024-02-27 17:25:41.481 [info] > git rev-parse --show-toplevel [2ms]
2024-02-27 17:25:41.481 [info] fatal: not a git repository (or any of the parent directories): .git
2024-02-27 17:25:41.489 [info] > git rev-parse --show-toplevel [1ms]
2024-02-27 17:25:41.489 [info] fatal: not a git repository (or any of the parent directories): .git
2024-02-27 17:25:41.502 [info] > git rev-parse --show-toplevel [6ms]
2024-02-27 17:25:41.502 [info] fatal: not a git repository (or any of the parent directories): .git
2024-02-27 17:25:41.508 [info] > git rev-parse --show-toplevel [1ms]
2024-02-27 17:25:41.508 [info] fatal: not a git repository (or any of the parent directories): .git
2024-02-27 17:25:41.516 [info] > git rev-parse --show-toplevel [2ms]
2024-02-27 17:25:41.516 [info] fatal: not a git repository (or any of the parent directories): .git
2024-02-27 17:25:41.522 [info] > git rev-parse --show-toplevel [1ms]
2024-02-27 17:25:41.522 [info] fatal: not a git repository (or any of the parent directories): .git
2024-02-27 17:25:41.528 [info] > git rev-parse --show-toplevel [1ms]
2024-02-27 17:25:41.528 [info] fatal: not a git repository (or any of the parent directories): .git
2024-02-27 17:25:41.533 [info] > git rev-parse --show-toplevel [1ms]
2024-02-27 17:25:41.533 [info] fatal: not a git repository (or any of the parent directories): .git
2024-02-27 17:25:41.539 [info] > git rev-parse --show-toplevel [1ms]
2024-02-27 17:25:41.539 [info] fatal: not a git repository (or any of the parent directories): .git
2024-02-27 17:25:41.544 [info] > git rev-parse --show-toplevel [0ms]
2024-02-27 17:25:41.544 [info] fatal: not a git repository (or any of the parent directories): .git
2024-02-27 17:25:41.551 [info] > git rev-parse --show-toplevel [0ms]
2024-02-27 17:25:41.551 [info] fatal: not a git repository (or any of the parent directories): .git
2024-02-27 17:25:41.556 [info] > git rev-parse --show-toplevel [0ms]
2024-02-27 17:25:41.556 [info] fatal: not a git repository (or any of the parent directories): .git
2024-02-27 17:25:41.562 [info] > git rev-parse --show-toplevel [1ms]
2024-02-27 17:25:41.562 [info] fatal: not a git repository (or any of the parent directories): .git
2024-02-27 17:25:41.567 [info] > git rev-parse --show-toplevel [1ms]
2024-02-27 17:25:41.567 [info] fatal: not a git repository (or any of the parent directories): .git
2024-02-27 17:25:41.573 [info] > git rev-parse --show-toplevel [1ms]
2024-02-27 17:25:41.573 [info] fatal: not a git repository (or any of the parent directories): .git
2024-02-27 17:25:41.755 [info] > git rev-parse --show-toplevel [177ms]
2024-02-27 17:25:41.755 [info] fatal: not a git repository (or any of the parent directories): .git
2024-02-27 17:25:41.764 [info] > git rev-parse --show-toplevel [2ms]
2024-02-27 17:25:41.764 [info] fatal: not a git repository (or any of the parent directories): .git
2024-02-27 17:25:41.769 [info] > git rev-parse --show-toplevel [1ms]
2024-02-27 17:25:41.769 [info] fatal: not a git repository (or any of the parent directories): .git
2024-02-27 17:25:41.775 [info] > git rev-parse --show-toplevel [1ms]
2024-02-27 17:25:41.775 [info] fatal: not a git repository (or any of the parent directories): .git
2024-02-27 17:25:41.781 [info] > git rev-parse --show-toplevel [2ms]
2024-02-27 17:25:41.781 [info] fatal: not a git repository (or any of the parent directories): .git
2024-02-27 17:25:41.795 [info] > git rev-parse --show-toplevel [9ms]
2024-02-27 17:25:41.795 [info] fatal: not a git repository (or any of the parent directories): .git
2024-02-27 17:25:41.806 [info] > git rev-parse --show-toplevel [7ms]
2024-02-27 17:25:41.806 [info] fatal: not a git repository (or any of the parent directories): .git
2024-02-27 17:25:41.812 [info] > git rev-parse --show-toplevel [1ms]
2024-02-27 17:25:41.812 [info] fatal: not a git repository (or any of the parent directories): .git
2024-02-27 17:25:41.822 [info] > git rev-parse --show-toplevel [4ms]
2024-02-27 17:25:41.822 [info] fatal: not a git repository (or any of the parent directories): .git
2024-02-27 17:25:41.909 [info] > git rev-parse --show-toplevel [83ms]
2024-02-27 17:25:41.909 [info] fatal: not a git repository (or any of the parent directories): .git
2024-02-27 17:25:41.917 [info] > git rev-parse --show-toplevel [2ms]
2024-02-27 17:25:41.917 [info] fatal: not a git repository (or any of the parent directories): .git
2024-02-27 17:25:41.925 [info] > git rev-parse --show-toplevel [1ms]
2024-02-27 17:25:41.925 [info] fatal: not a git repository (or any of the parent directories): .git
2024-02-27 17:25:41.935 [info] > git rev-parse --show-toplevel [1ms]
2024-02-27 17:25:41.935 [info] fatal: not a git repository (or any of the parent directories): .git
2024-02-27 17:25:41.941 [info] > git rev-parse --show-toplevel [1ms]
2024-02-27 17:25:41.941 [info] fatal: not a git repository (or any of the parent directories): .git
2024-02-27 17:25:41.946 [info] > git rev-parse --show-toplevel [1ms]
2024-02-27 17:25:41.946 [info] fatal: not a git repository (or any of the parent directories): .git
2024-02-27 17:25:41.953 [info] > git rev-parse --show-toplevel [1ms]
2024-02-27 17:25:41.953 [info] fatal: not a git repository (or any of the parent directories): .git
2024-02-27 17:25:41.957 [info] > git rev-parse --show-toplevel [0ms]
2024-02-27 17:25:41.957 [info] fatal: not a git repository (or any of the parent directories): .git
2024-02-27 17:25:48.401 [info] > git rev-parse --show-toplevel [1ms]
2024-02-27 17:25:48.401 [info] fatal: not a git repository (or any of the parent directories): .git
2024-02-27 17:25:53.967 [info] > git rev-parse --show-toplevel [1ms]
2024-02-27 17:25:53.967 [info] fatal: not a git repository (or any of the parent directories): .git
2024-02-27 17:25:54.549 [info] > git rev-parse --show-toplevel [2ms]
2024-02-27 17:25:54.549 [info] fatal: not a git repository (or any of the parent directories): .git
2024-02-27 17:25:57.579 [info] > git rev-parse --show-toplevel [1ms]
2024-02-27 17:25:57.579 [info] fatal: not a git repository (or any of the parent directories): .git
2024-02-27 17:26:02.818 [info] > git rev-parse --show-toplevel [2ms]
2024-02-27 17:26:02.818 [info] fatal: not a git repository (or any of the parent directories): .git
2024-02-27 17:26:04.019 [info] > git rev-parse --show-toplevel [1ms]
2024-02-27 17:26:04.019 [info] fatal: not a git repository (or any of the parent directories): .git
2024-02-27 17:26:04.792 [info] > git rev-parse --show-toplevel [1ms]
2024-02-27 17:26:04.792 [info] fatal: not a git repository (or any of the parent directories): .git
2024-02-27 17:26:11.205 [info] > git rev-parse --show-toplevel [1ms]
2024-02-27 17:26:11.206 [info] fatal: not a git repository (or any of the parent directories): .git
2024-02-27 17:30:24.322 [info] > git rev-parse --show-toplevel [2ms]
2024-02-27 17:30:24.322 [info] fatal: not a git repository (or any of the parent directories): .git
2024-02-27 17:30:27.797 [info] > git rev-parse --show-toplevel [1ms]
2024-02-27 17:30:27.797 [info] fatal: not a git repository (or any of the parent directories): .git
2024-02-27 17:32:19.096 [info] > git rev-parse --show-toplevel [1ms]
2024-02-27 17:32:19.096 [info] fatal: not a git repository (or any of the parent directories): .git
2024-02-27 17:32:20.204 [info] > git rev-parse --show-toplevel [1ms]
2024-02-27 17:32:20.204 [info] fatal: not a git repository (or any of the parent directories): .git
2024-02-27 17:33:53.892 [info] > git rev-parse --show-toplevel [0ms]
2024-02-27 17:33:53.892 [info] fatal: not a git repository (or any of the parent directories): .git
2024-02-27 17:36:58.698 [info] > git rev-parse --show-toplevel [1ms]
2024-02-27 17:36:58.698 [info] fatal: not a git repository (or any of the parent directories): .git
2024-02-27 17:37:15.694 [info] > git rev-parse --show-toplevel [1ms]
2024-02-27 17:37:15.694 [info] fatal: not a git repository (or any of the parent directories): .git
2024-02-27 17:37:23.084 [info] > git rev-parse --show-toplevel [2ms]
2024-02-27 17:37:23.084 [info] fatal: not a git repository (or any of the parent directories): .git
2024-02-27 17:37:54.641 [info] > git rev-parse --show-toplevel [1ms]
2024-02-27 17:37:54.641 [info] fatal: not a git repository (or any of the parent directories): .git
2024-02-27 17:51:39.317 [info] > git rev-parse --show-toplevel [2ms]
2024-02-27 17:51:39.317 [info] fatal: not a git repository (or any of the parent directories): .git
2024-02-27 17:51:44.711 [info] > git rev-parse --show-toplevel [1ms]
2024-02-27 17:51:44.711 [info] fatal: not a git repository (or any of the parent directories): .git
2024-02-27 17:52:54.379 [info] > git rev-parse --show-toplevel [2ms]
2024-02-27 17:52:54.379 [info] fatal: not a git repository (or any of the parent directories): .git
2024-02-27 17:53:25.937 [info] > git rev-parse --show-toplevel [1ms]
2024-02-27 17:53:25.937 [info] fatal: not a git repository (or any of the parent directories): .git
2024-02-27 17:53:28.284 [info] > git rev-parse --show-toplevel [2ms]
2024-02-27 17:53:28.284 [info] fatal: not a git repository (or any of the parent directories): .git
2024-02-27 17:53:29.105 [info] > git rev-parse --show-toplevel [2ms]
2024-02-27 17:53:29.105 [info] fatal: not a git repository (or any of the parent directories): .git
2024-02-27 17:53:29.649 [info] > git rev-parse --show-toplevel [1ms]
2024-02-27 17:53:29.649 [info] fatal: not a git repository (or any of the parent directories): .git
2024-02-27 17:53:33.369 [info] > git rev-parse --show-toplevel [1ms]
2024-02-27 17:53:33.369 [info] fatal: not a git repository (or any of the parent directories): .git
2024-02-27 17:53:38.674 [info] > git rev-parse --show-toplevel [0ms]
2024-02-27 17:53:38.674 [info] fatal: not a git repository (or any of the parent directories): .git
2024-02-27 17:54:06.786 [info] > git rev-parse --show-toplevel [1ms]
2024-02-27 17:54:06.786 [info] fatal: not a git repository (or any of the parent directories): .git
2024-02-27 17:54:17.207 [info] > git rev-parse --show-toplevel [1ms]
2024-02-27 17:54:17.207 [info] fatal: not a git repository (or any of the parent directories): .git
2024-02-27 17:54:20.377 [info] > git rev-parse --show-toplevel [1ms]
2024-02-27 17:54:20.377 [info] fatal: not a git repository (or any of the parent directories): .git
2024-02-27 17:54:39.194 [info] > git rev-parse --show-toplevel [1ms]
2024-02-27 17:54:39.194 [info] fatal: not a git repository (or any of the parent directories): .git
2024-02-27 17:54:47.596 [info] > git rev-parse --show-toplevel [1ms]
2024-02-27 17:54:47.596 [info] fatal: not a git repository (or any of the parent directories): .git
2024-02-27 17:55:00.903 [info] > git rev-parse --show-toplevel [1ms]
2024-02-27 17:55:00.903 [info] fatal: not a git repository (or any of the parent directories): .git
2024-02-27 17:55:02.323 [info] > git rev-parse --show-toplevel [1ms]
2024-02-27 17:55:02.323 [info] fatal: not a git repository (or any of the parent directories): .git
2024-02-27 17:55:24.841 [info] > git rev-parse --show-toplevel [1ms]
2024-02-27 17:55:24.841 [info] fatal: not a git repository (or any of the parent directories): .git
2024-02-27 17:56:07.744 [info] > git rev-parse --show-toplevel [1ms]
2024-02-27 17:56:07.744 [info] fatal: not a git repository (or any of the parent directories): .git
2024-02-27 17:56:09.574 [info] > git rev-parse --show-toplevel [1ms]
2024-02-27 17:56:09.574 [info] fatal: not a git repository (or any of the parent directories): .git
2024-02-27 17:56:10.053 [info] > git rev-parse --show-toplevel [2ms]
2024-02-27 17:56:10.053 [info] fatal: not a git repository (or any of the parent directories): .git
2024-02-27 17:56:11.664 [info] > git rev-parse --show-toplevel [1ms]
2024-02-27 17:56:11.664 [info] fatal: not a git repository (or any of the parent directories): .git
2024-02-27 17:56:12.481 [info] > git rev-parse --show-toplevel [1ms]
2024-02-27 17:56:12.481 [info] fatal: not a git repository (or any of the parent directories): .git
2024-02-27 17:56:19.840 [info] > git rev-parse --show-toplevel [4ms]
2024-02-27 17:56:19.840 [info] fatal: not a git repository (or any of the parent directories): .git
2024-02-27 17:56:25.846 [info] > git rev-parse --show-toplevel [3ms]
2024-02-27 17:56:25.846 [info] fatal: not a git repository (or any of the parent directories): .git
2024-02-27 17:57:14.880 [info] > git rev-parse --show-toplevel [1ms]
2024-02-27 17:57:14.880 [info] fatal: not a git repository (or any of the parent directories): .git
2024-02-27 17:57:31.586 [info] > git rev-parse --show-toplevel [6ms]
2024-02-27 17:57:31.586 [info] fatal: not a git repository (or any of the parent directories): .git
2024-02-27 17:57:41.073 [info] > git rev-parse --show-toplevel [1ms]
2024-02-27 17:57:41.073 [info] fatal: not a git repository (or any of the parent directories): .git
2024-02-27 17:57:50.365 [info] > git rev-parse --show-toplevel [2ms]
2024-02-27 17:57:50.365 [info] fatal: not a git repository (or any of the parent directories): .git
