2024-02-27 18:20:27.883 [info] Extension host with pid 22685 started
2024-02-27 18:20:27.900 [info] ExtensionService#_doActivateExtension vscode.git-base, startup: true, activationEvent: '*', root cause: vscode.git
2024-02-27 18:20:27.926 [info] ExtensionService#_doActivateExtension vscode.git, startup: true, activationEvent: '*'
2024-02-27 18:20:27.926 [info] ExtensionService#_doActivateExtension vscode.github, startup: true, activationEvent: '*'
2024-02-27 18:20:28.035 [info] Eager extensions activated
2024-02-27 18:20:28.067 [info] ExtensionService#_doActivateExtension vscode.debug-auto-launch, startup: false, activationEvent: 'onStartupFinished'
2024-02-27 18:20:28.067 [info] ExtensionService#_doActivateExtension vscode.merge-conflict, startup: false, activationEvent: 'onStartupFinished'
2024-02-27 18:20:28.068 [info] ExtensionService#_doActivateExtension PKief.material-icon-theme, startup: false, activationEvent: 'onStartupFinished'
2024-02-27 18:20:28.075 [info] ExtensionService#_doActivateExtension YuTengjing.vscode-colorize-plus, startup: false, activationEvent: 'onStartupFinished'
2024-02-27 18:20:32.314 [info] Extension host terminating: renderer closed the MessagePort
2024-02-27 18:20:32.318 [info] Extension host with pid 22685 exiting with code 0
2024-02-27 18:20:33.240 [info] Extension host with pid 22733 started
2024-02-27 18:20:33.240 [info] Skipping acquiring lock for /home/inkeaton/.config/VSCodium/User/workspaceStorage/47625ff0cfdf54af253f633e9c8bda94.
2024-02-27 18:20:33.438 [info] ExtensionService#_doActivateExtension vscode.emmet, startup: false, activationEvent: 'onLanguage'
2024-02-27 18:20:33.438 [info] ExtensionService#_doActivateExtension James-Yu.latex-workshop, startup: false, activationEvent: 'onLanguage:latex'
2024-02-27 18:20:33.658 [warning] DiagnosticCollection with name 'BibTeX' does already exist.
2024-02-27 18:20:34.118 [info] ExtensionService#_doActivateExtension vscode.git-base, startup: true, activationEvent: '*', root cause: vscode.git
2024-02-27 18:20:34.127 [info] ExtensionService#_doActivateExtension vscode.git, startup: true, activationEvent: '*'
2024-02-27 18:20:34.128 [info] ExtensionService#_doActivateExtension vscode.github, startup: true, activationEvent: '*'
2024-02-27 18:20:34.207 [info] Eager extensions activated
2024-02-27 18:20:34.246 [info] ExtensionService#_doActivateExtension vscode.debug-auto-launch, startup: false, activationEvent: 'onStartupFinished'
2024-02-27 18:20:34.247 [info] ExtensionService#_doActivateExtension vscode.merge-conflict, startup: false, activationEvent: 'onStartupFinished'
2024-02-27 18:20:34.247 [info] ExtensionService#_doActivateExtension PKief.material-icon-theme, startup: false, activationEvent: 'onStartupFinished'
2024-02-27 18:20:34.256 [info] ExtensionService#_doActivateExtension YuTengjing.vscode-colorize-plus, startup: false, activationEvent: 'onStartupFinished'
2024-02-27 18:32:23.896 [info] Extension host terminating: renderer closed the MessagePort
2024-02-27 18:32:23.904 [info] Extension host with pid 22733 exiting with code 0
