2024-02-27 18:20:27.538 [info] Added views:workbench.panel.markers.view in workbench.panel.markers
2024-02-27 18:20:27.538 [info] Added views:workbench.panel.output in workbench.panel.output
2024-02-27 18:20:27.538 [info] Added views:terminal in terminal
2024-02-27 18:20:27.538 [info] Added views:outline in workbench.view.explorer
2024-02-27 18:20:27.538 [info] Added views:workbench.scm in workbench.view.scm
2024-02-27 18:20:27.538 [info] Added views:workbench.view.search in workbench.view.search
2024-02-27 18:20:27.538 [info] Added views:timeline in workbench.view.explorer
2024-02-27 18:20:27.538 [info] Added views:workbench.explorer.emptyView in workbench.view.explorer
2024-02-27 18:20:27.884 [info] Added views:workbench.debug.variablesView,workbench.debug.watchExpressionsView,workbench.debug.callStackView,workbench.debug.breakPointsView in workbench.view.debug
2024-02-27 18:20:27.897 [info] Added views:workbench.panel.repl.view in workbench.panel.repl
2024-02-27 18:20:27.900 [info] Removed views:workbench.debug.breakPointsView,workbench.debug.callStackView,workbench.debug.watchExpressionsView,workbench.debug.variablesView from workbench.view.debug
2024-02-27 18:20:27.900 [info] Added views:workbench.debug.welcome in workbench.view.debug
2024-02-27 18:20:27.964 [info] Added views:~remote.forwardedPorts in ~remote.forwardedPortsContainer
2024-02-27 18:20:32.735 [info] Added views:workbench.panel.markers.view in workbench.panel.markers
2024-02-27 18:20:32.735 [info] Added views:workbench.panel.output in workbench.panel.output
2024-02-27 18:20:32.735 [info] Added views:terminal in terminal
2024-02-27 18:20:32.735 [info] Added views:outline in workbench.view.explorer
2024-02-27 18:20:32.735 [info] Added views:workbench.scm in workbench.view.scm
2024-02-27 18:20:32.735 [info] Added views:workbench.view.search in workbench.view.search
2024-02-27 18:20:32.735 [info] Added views:timeline in workbench.view.explorer
2024-02-27 18:20:32.735 [info] Added views:workbench.explorer.fileView in workbench.view.explorer
2024-02-27 18:20:32.919 [info] Added views:workbench.debug.welcome in workbench.view.debug
2024-02-27 18:20:33.449 [info] Added views:workbench.panel.repl.view in workbench.panel.repl
2024-02-27 18:20:33.947 [info] Added views:latex-workshop-commands,latex-workshop-structure,latex-workshop-snippet-view in workbench.view.extension.latex-workshop-activitybar
2024-02-27 18:20:34.686 [info] Added views:~remote.forwardedPorts in ~remote.forwardedPortsContainer
