2024-02-27 18:02:12.351 [info] Extension host with pid 2720 started
2024-02-27 18:02:12.351 [info] Skipping acquiring lock for /home/inkeaton/.config/VSCodium/User/workspaceStorage/aefc0694b45cca8699af7bbea5897d60.
2024-02-27 18:02:12.382 [info] ExtensionService#_doActivateExtension vscode.emmet, startup: false, activationEvent: 'onLanguage'
2024-02-27 18:02:13.368 [info] ExtensionService#_doActivateExtension vscode.git-base, startup: true, activationEvent: '*', root cause: vscode.git
2024-02-27 18:02:13.713 [info] ExtensionService#_doActivateExtension vscode.css-language-features, startup: false, activationEvent: 'onLanguage:scss'
2024-02-27 18:02:13.959 [info] ExtensionService#_doActivateExtension vscode.git, startup: true, activationEvent: '*'
2024-02-27 18:02:13.960 [info] ExtensionService#_doActivateExtension vscode.github, startup: true, activationEvent: '*'
2024-02-27 18:02:14.057 [info] Eager extensions activated
2024-02-27 18:02:14.092 [info] ExtensionService#_doActivateExtension vscode.debug-auto-launch, startup: false, activationEvent: 'onStartupFinished'
2024-02-27 18:02:14.092 [info] ExtensionService#_doActivateExtension vscode.merge-conflict, startup: false, activationEvent: 'onStartupFinished'
2024-02-27 18:02:14.093 [info] ExtensionService#_doActivateExtension PKief.material-icon-theme, startup: false, activationEvent: 'onStartupFinished'
2024-02-27 18:02:14.102 [info] ExtensionService#_doActivateExtension YuTengjing.vscode-colorize-plus, startup: false, activationEvent: 'onStartupFinished'
2024-02-27 18:02:14.420 [warning] Illegal argument: TextEditor(vs.editor.ICodeEditor:2,$model3)
2024-02-27 18:02:14.420 [warning] Illegal argument: TextEditor(vs.editor.ICodeEditor:2,$model3)
2024-02-27 18:02:14.420 [warning] Illegal argument: TextEditor(vs.editor.ICodeEditor:2,$model3)
2024-02-27 18:02:14.420 [warning] Illegal argument: TextEditor(vs.editor.ICodeEditor:2,$model3)
2024-02-27 18:02:14.421 [warning] Illegal argument: TextEditor(vs.editor.ICodeEditor:2,$model3)
2024-02-27 18:02:14.421 [warning] Illegal argument: TextEditor(vs.editor.ICodeEditor:2,$model3)
2024-02-27 18:02:14.421 [warning] Illegal argument: TextEditor(vs.editor.ICodeEditor:2,$model3)
2024-02-27 18:02:14.421 [warning] Illegal argument: TextEditor(vs.editor.ICodeEditor:2,$model3)
2024-02-27 18:02:14.421 [warning] Illegal argument: TextEditor(vs.editor.ICodeEditor:2,$model3)
2024-02-27 18:02:14.423 [warning] Illegal argument: TextEditor(vs.editor.ICodeEditor:2,$model3)
2024-02-27 18:02:14.423 [warning] Illegal argument: TextEditor(vs.editor.ICodeEditor:2,$model3)
2024-02-27 18:02:14.423 [warning] Illegal argument: TextEditor(vs.editor.ICodeEditor:2,$model3)
2024-02-27 18:02:14.423 [warning] Illegal argument: TextEditor(vs.editor.ICodeEditor:2,$model3)
