2024-02-27 09:00:58.866 [info] Extension host with pid 2718 started
2024-02-27 09:00:58.866 [info] Skipping acquiring lock for /home/inkeaton/.config/VSCodium/User/workspaceStorage/0ccfaeafa896f4d7c475b49ed692ed6d.
2024-02-27 09:00:58.923 [info] ExtensionService#_doActivateExtension vscode.git-base, startup: true, activationEvent: '*', root cause: vscode.git
2024-02-27 09:00:59.206 [info] ExtensionService#_doActivateExtension vscode.git, startup: true, activationEvent: '*'
2024-02-27 09:00:59.206 [info] ExtensionService#_doActivateExtension vscode.github, startup: true, activationEvent: '*'
2024-02-27 09:00:59.730 [info] Eager extensions activated
2024-02-27 09:00:59.745 [info] ExtensionService#_doActivateExtension vscode.debug-auto-launch, startup: false, activationEvent: 'onStartupFinished'
2024-02-27 09:00:59.746 [info] ExtensionService#_doActivateExtension vscode.merge-conflict, startup: false, activationEvent: 'onStartupFinished'
2024-02-27 09:00:59.746 [info] ExtensionService#_doActivateExtension PKief.material-icon-theme, startup: false, activationEvent: 'onStartupFinished'
2024-02-27 09:00:59.754 [info] ExtensionService#_doActivateExtension YuTengjing.vscode-colorize-plus, startup: false, activationEvent: 'onStartupFinished'
2024-02-27 09:00:59.886 [info] ExtensionService#_doActivateExtension vscode.github-authentication, startup: false, activationEvent: 'onAuthenticationRequest:github'
2024-02-27 09:01:07.093 [info] Extension host terminating: renderer closed the MessagePort
2024-02-27 09:01:07.100 [error] Canceled: Canceled
	at new m (/nix/store/i60j6j7fiyilc82n9a9ms4s9d6ymdnws-vscodium-1.85.2.24019/lib/vscode/resources/app/out/vs/workbench/api/node/extensionHostProcess.js:141:121511)
	at u._remoteCall (/nix/store/i60j6j7fiyilc82n9a9ms4s9d6ymdnws-vscodium-1.85.2.24019/lib/vscode/resources/app/out/vs/workbench/api/node/extensionHostProcess.js:150:13781)
	at P.<computed>.x.charCodeAt.P.<computed> (/nix/store/i60j6j7fiyilc82n9a9ms4s9d6ymdnws-vscodium-1.85.2.24019/lib/vscode/resources/app/out/vs/workbench/api/node/extensionHostProcess.js:150:10333)
	at h._doExecuteCommand (/nix/store/i60j6j7fiyilc82n9a9ms4s9d6ymdnws-vscodium-1.85.2.24019/lib/vscode/resources/app/out/vs/workbench/api/node/extensionHostProcess.js:141:158052)
	at h.executeCommand (/nix/store/i60j6j7fiyilc82n9a9ms4s9d6ymdnws-vscodium-1.85.2.24019/lib/vscode/resources/app/out/vs/workbench/api/node/extensionHostProcess.js:141:157377)
	at b.registerCommand.description (/nix/store/i60j6j7fiyilc82n9a9ms4s9d6ymdnws-vscodium-1.85.2.24019/lib/vscode/resources/app/out/vs/workbench/api/node/extensionHostProcess.js:141:156621)
	at h._executeContributedCommand (/nix/store/i60j6j7fiyilc82n9a9ms4s9d6ymdnws-vscodium-1.85.2.24019/lib/vscode/resources/app/out/vs/workbench/api/node/extensionHostProcess.js:141:158690)
	at h._doExecuteCommand (/nix/store/i60j6j7fiyilc82n9a9ms4s9d6ymdnws-vscodium-1.85.2.24019/lib/vscode/resources/app/out/vs/workbench/api/node/extensionHostProcess.js:141:157510)
	at h.executeCommand (/nix/store/i60j6j7fiyilc82n9a9ms4s9d6ymdnws-vscodium-1.85.2.24019/lib/vscode/resources/app/out/vs/workbench/api/node/extensionHostProcess.js:141:157377)
	at Object.executeCommand (/nix/store/i60j6j7fiyilc82n9a9ms4s9d6ymdnws-vscodium-1.85.2.24019/lib/vscode/resources/app/out/vs/workbench/api/node/extensionHostProcess.js:158:27516)
	at f.I [as value] (/nix/store/i60j6j7fiyilc82n9a9ms4s9d6ymdnws-vscodium-1.85.2.24019/lib/vscode/resources/app/extensions/git/dist/main.js:2:924645)
	at n._deliver (/nix/store/i60j6j7fiyilc82n9a9ms4s9d6ymdnws-vscodium-1.85.2.24019/lib/vscode/resources/app/out/vs/workbench/api/node/extensionHostProcess.js:80:2465)
	at n._deliverQueue (/nix/store/i60j6j7fiyilc82n9a9ms4s9d6ymdnws-vscodium-1.85.2.24019/lib/vscode/resources/app/out/vs/workbench/api/node/extensionHostProcess.js:80:2556)
	at n.fire (/nix/store/i60j6j7fiyilc82n9a9ms4s9d6ymdnws-vscodium-1.85.2.24019/lib/vscode/resources/app/out/vs/workbench/api/node/extensionHostProcess.js:80:2891)
	at Object.m [as dispose] (/nix/store/i60j6j7fiyilc82n9a9ms4s9d6ymdnws-vscodium-1.85.2.24019/lib/vscode/resources/app/extensions/git/dist/main.js:2:940562)
	at /nix/store/i60j6j7fiyilc82n9a9ms4s9d6ymdnws-vscodium-1.85.2.24019/lib/vscode/resources/app/extensions/git/dist/main.js:2:945515
	at Array.forEach (<anonymous>)
	at p.dispose (/nix/store/i60j6j7fiyilc82n9a9ms4s9d6ymdnws-vscodium-1.85.2.24019/lib/vscode/resources/app/extensions/git/dist/main.js:2:945501)
	at l.<anonymous> (/nix/store/i60j6j7fiyilc82n9a9ms4s9d6ymdnws-vscodium-1.85.2.24019/lib/vscode/resources/app/out/vs/workbench/api/node/extensionHostProcess.js:137:5213)
	at l.dispose (/nix/store/i60j6j7fiyilc82n9a9ms4s9d6ymdnws-vscodium-1.85.2.24019/lib/vscode/resources/app/out/vs/workbench/api/node/extensionHostProcess.js:137:5310)
	at l.<anonymous> (/nix/store/i60j6j7fiyilc82n9a9ms4s9d6ymdnws-vscodium-1.85.2.24019/lib/vscode/resources/app/extensions/git/dist/main.js:2:926657)
	at l.dispose (/nix/store/i60j6j7fiyilc82n9a9ms4s9d6ymdnws-vscodium-1.85.2.24019/lib/vscode/resources/app/out/vs/workbench/api/node/extensionHostProcess.js:137:5310)
	at s (/nix/store/i60j6j7fiyilc82n9a9ms4s9d6ymdnws-vscodium-1.85.2.24019/lib/vscode/resources/app/out/vs/workbench/api/node/extensionHostProcess.js:30:829)
	at f._deactivate (/nix/store/i60j6j7fiyilc82n9a9ms4s9d6ymdnws-vscodium-1.85.2.24019/lib/vscode/resources/app/out/vs/workbench/api/node/extensionHostProcess.js:154:12879)
	at /nix/store/i60j6j7fiyilc82n9a9ms4s9d6ymdnws-vscodium-1.85.2.24019/lib/vscode/resources/app/out/vs/workbench/api/node/extensionHostProcess.js:154:10120
	at Array.map (<anonymous>)
	at f._deactivateAll (/nix/store/i60j6j7fiyilc82n9a9ms4s9d6ymdnws-vscodium-1.85.2.24019/lib/vscode/resources/app/out/vs/workbench/api/node/extensionHostProcess.js:154:10107)
	at f.terminate (/nix/store/i60j6j7fiyilc82n9a9ms4s9d6ymdnws-vscodium-1.85.2.24019/lib/vscode/resources/app/out/vs/workbench/api/node/extensionHostProcess.js:154:10490)
	at s.terminate (/nix/store/i60j6j7fiyilc82n9a9ms4s9d6ymdnws-vscodium-1.85.2.24019/lib/vscode/resources/app/out/vs/workbench/api/node/extensionHostProcess.js:158:1908)
	at a (/nix/store/i60j6j7fiyilc82n9a9ms4s9d6ymdnws-vscodium-1.85.2.24019/lib/vscode/resources/app/out/vs/workbench/api/node/extensionHostProcess.js:171:11536)
	at MessagePortMain.<anonymous> (/nix/store/i60j6j7fiyilc82n9a9ms4s9d6ymdnws-vscodium-1.85.2.24019/lib/vscode/resources/app/out/vs/workbench/api/node/extensionHostProcess.js:171:7611)
	at MessagePortMain.emit (node:events:513:28)
	at MessagePortMain._internalPort.emit (node:electron/js2c/utility_init:2:367) setContext undefined
2024-02-27 09:01:07.102 [error] Canceled: Canceled
	at new m (/nix/store/i60j6j7fiyilc82n9a9ms4s9d6ymdnws-vscodium-1.85.2.24019/lib/vscode/resources/app/out/vs/workbench/api/node/extensionHostProcess.js:141:121511)
	at u._remoteCall (/nix/store/i60j6j7fiyilc82n9a9ms4s9d6ymdnws-vscodium-1.85.2.24019/lib/vscode/resources/app/out/vs/workbench/api/node/extensionHostProcess.js:150:13781)
	at P.<computed>.x.charCodeAt.P.<computed> (/nix/store/i60j6j7fiyilc82n9a9ms4s9d6ymdnws-vscodium-1.85.2.24019/lib/vscode/resources/app/out/vs/workbench/api/node/extensionHostProcess.js:150:10333)
	at h._doExecuteCommand (/nix/store/i60j6j7fiyilc82n9a9ms4s9d6ymdnws-vscodium-1.85.2.24019/lib/vscode/resources/app/out/vs/workbench/api/node/extensionHostProcess.js:141:158052)
	at h.executeCommand (/nix/store/i60j6j7fiyilc82n9a9ms4s9d6ymdnws-vscodium-1.85.2.24019/lib/vscode/resources/app/out/vs/workbench/api/node/extensionHostProcess.js:141:157377)
	at b.registerCommand.description (/nix/store/i60j6j7fiyilc82n9a9ms4s9d6ymdnws-vscodium-1.85.2.24019/lib/vscode/resources/app/out/vs/workbench/api/node/extensionHostProcess.js:141:156621)
	at h._executeContributedCommand (/nix/store/i60j6j7fiyilc82n9a9ms4s9d6ymdnws-vscodium-1.85.2.24019/lib/vscode/resources/app/out/vs/workbench/api/node/extensionHostProcess.js:141:158690)
	at h._doExecuteCommand (/nix/store/i60j6j7fiyilc82n9a9ms4s9d6ymdnws-vscodium-1.85.2.24019/lib/vscode/resources/app/out/vs/workbench/api/node/extensionHostProcess.js:141:157510)
	at h.executeCommand (/nix/store/i60j6j7fiyilc82n9a9ms4s9d6ymdnws-vscodium-1.85.2.24019/lib/vscode/resources/app/out/vs/workbench/api/node/extensionHostProcess.js:141:157377)
	at Object.executeCommand (/nix/store/i60j6j7fiyilc82n9a9ms4s9d6ymdnws-vscodium-1.85.2.24019/lib/vscode/resources/app/out/vs/workbench/api/node/extensionHostProcess.js:158:27516)
	at set b [as b] (/nix/store/i60j6j7fiyilc82n9a9ms4s9d6ymdnws-vscodium-1.85.2.24019/lib/vscode/resources/app/extensions/github/dist/extension.js:2:322313)
	at /nix/store/i60j6j7fiyilc82n9a9ms4s9d6ymdnws-vscodium-1.85.2.24019/lib/vscode/resources/app/extensions/github/dist/extension.js:2:322954
	at f.value (/nix/store/i60j6j7fiyilc82n9a9ms4s9d6ymdnws-vscodium-1.85.2.24019/lib/vscode/resources/app/extensions/git/dist/main.js:2:1016399)
	at n._deliver (/nix/store/i60j6j7fiyilc82n9a9ms4s9d6ymdnws-vscodium-1.85.2.24019/lib/vscode/resources/app/out/vs/workbench/api/node/extensionHostProcess.js:80:2465)
	at n._deliverQueue (/nix/store/i60j6j7fiyilc82n9a9ms4s9d6ymdnws-vscodium-1.85.2.24019/lib/vscode/resources/app/out/vs/workbench/api/node/extensionHostProcess.js:80:2556)
	at n.fire (/nix/store/i60j6j7fiyilc82n9a9ms4s9d6ymdnws-vscodium-1.85.2.24019/lib/vscode/resources/app/out/vs/workbench/api/node/extensionHostProcess.js:80:2891)
	at Object.m [as dispose] (/nix/store/i60j6j7fiyilc82n9a9ms4s9d6ymdnws-vscodium-1.85.2.24019/lib/vscode/resources/app/extensions/git/dist/main.js:2:940562)
	at /nix/store/i60j6j7fiyilc82n9a9ms4s9d6ymdnws-vscodium-1.85.2.24019/lib/vscode/resources/app/extensions/git/dist/main.js:2:945515
	at Array.forEach (<anonymous>)
	at p.dispose (/nix/store/i60j6j7fiyilc82n9a9ms4s9d6ymdnws-vscodium-1.85.2.24019/lib/vscode/resources/app/extensions/git/dist/main.js:2:945501)
	at l.<anonymous> (/nix/store/i60j6j7fiyilc82n9a9ms4s9d6ymdnws-vscodium-1.85.2.24019/lib/vscode/resources/app/out/vs/workbench/api/node/extensionHostProcess.js:137:5213)
	at l.dispose (/nix/store/i60j6j7fiyilc82n9a9ms4s9d6ymdnws-vscodium-1.85.2.24019/lib/vscode/resources/app/out/vs/workbench/api/node/extensionHostProcess.js:137:5310)
	at l.<anonymous> (/nix/store/i60j6j7fiyilc82n9a9ms4s9d6ymdnws-vscodium-1.85.2.24019/lib/vscode/resources/app/extensions/git/dist/main.js:2:926657)
	at l.dispose (/nix/store/i60j6j7fiyilc82n9a9ms4s9d6ymdnws-vscodium-1.85.2.24019/lib/vscode/resources/app/out/vs/workbench/api/node/extensionHostProcess.js:137:5310)
	at s (/nix/store/i60j6j7fiyilc82n9a9ms4s9d6ymdnws-vscodium-1.85.2.24019/lib/vscode/resources/app/out/vs/workbench/api/node/extensionHostProcess.js:30:829)
	at f._deactivate (/nix/store/i60j6j7fiyilc82n9a9ms4s9d6ymdnws-vscodium-1.85.2.24019/lib/vscode/resources/app/out/vs/workbench/api/node/extensionHostProcess.js:154:12879)
	at /nix/store/i60j6j7fiyilc82n9a9ms4s9d6ymdnws-vscodium-1.85.2.24019/lib/vscode/resources/app/out/vs/workbench/api/node/extensionHostProcess.js:154:10120
	at Array.map (<anonymous>)
	at f._deactivateAll (/nix/store/i60j6j7fiyilc82n9a9ms4s9d6ymdnws-vscodium-1.85.2.24019/lib/vscode/resources/app/out/vs/workbench/api/node/extensionHostProcess.js:154:10107)
	at f.terminate (/nix/store/i60j6j7fiyilc82n9a9ms4s9d6ymdnws-vscodium-1.85.2.24019/lib/vscode/resources/app/out/vs/workbench/api/node/extensionHostProcess.js:154:10490)
	at s.terminate (/nix/store/i60j6j7fiyilc82n9a9ms4s9d6ymdnws-vscodium-1.85.2.24019/lib/vscode/resources/app/out/vs/workbench/api/node/extensionHostProcess.js:158:1908)
	at a (/nix/store/i60j6j7fiyilc82n9a9ms4s9d6ymdnws-vscodium-1.85.2.24019/lib/vscode/resources/app/out/vs/workbench/api/node/extensionHostProcess.js:171:11536)
	at MessagePortMain.<anonymous> (/nix/store/i60j6j7fiyilc82n9a9ms4s9d6ymdnws-vscodium-1.85.2.24019/lib/vscode/resources/app/out/vs/workbench/api/node/extensionHostProcess.js:171:7611)
	at MessagePortMain.emit (node:events:513:28)
	at MessagePortMain._internalPort.emit (node:electron/js2c/utility_init:2:367) setContext undefined
2024-02-27 09:01:07.102 [info] Extension host with pid 2718 exiting with code 0
